<?xml version="1.0" encoding="UTF-8"?>
<testng-results ignored="0" total="1" passed="1" failed="0" skipped="0">
  <reporter-output>
  </reporter-output>
  <suite started-at="2023-03-25T08:37:36 IST" name="Default suite" finished-at="2023-03-25T08:39:45 IST" duration-ms="129779">
    <groups>
      <group name="Smoke">
        <method signature="TrustWallet_TC_001_OpenApp.openTheApp()[pri:0, instance:trustwallet.TrustWallet_TC_001_OpenApp@156b88f5]" name="openTheApp" class="trustwallet.TrustWallet_TC_001_OpenApp"/>
      </group> <!-- Smoke -->
    </groups>
    <test started-at="2023-03-25T08:37:36 IST" name="Default test" finished-at="2023-03-25T08:39:45 IST" duration-ms="129779">
      <class name="trustwallet.TrustWallet_TC_001_OpenApp">
        <test-method is-config="true" signature="killAllNodes()[pri:0, instance:trustwallet.TrustWallet_TC_001_OpenApp@156b88f5]" started-at="2023-03-25T08:37:36 IST" name="killAllNodes" finished-at="2023-03-25T08:37:42 IST" duration-ms="6035" status="PASS">
          <reporter-output>
          </reporter-output>
        </test-method> <!-- killAllNodes -->
        <test-method is-config="true" signature="capabilities()[pri:0, instance:trustwallet.TrustWallet_TC_001_OpenApp@156b88f5]" started-at="2023-03-25T08:37:42 IST" name="capabilities" finished-at="2023-03-25T08:38:12 IST" duration-ms="30534" status="PASS">
          <reporter-output>
          </reporter-output>
        </test-method> <!-- capabilities -->
        <test-method signature="openTheApp()[pri:0, instance:trustwallet.TrustWallet_TC_001_OpenApp@156b88f5]" started-at="2023-03-25T08:38:12 IST" name="openTheApp" finished-at="2023-03-25T08:39:44 IST" duration-ms="92156" status="PASS">
          <reporter-output>
          </reporter-output>
        </test-method> <!-- openTheApp -->
        <test-method is-config="true" signature="tearDown()[pri:0, instance:trustwallet.TrustWallet_TC_001_OpenApp@156b88f5]" started-at="2023-03-25T08:39:44 IST" name="tearDown" finished-at="2023-03-25T08:39:45 IST" duration-ms="985" status="PASS">
          <reporter-output>
          </reporter-output>
        </test-method> <!-- tearDown -->
      </class> <!-- trustwallet.TrustWallet_TC_001_OpenApp -->
    </test> <!-- Default test -->
  </suite> <!-- Default suite -->
</testng-results>
